c:\users\calvin\source\repos\qtguiapplication1\qtguiapplication1\x64\debug\qrc_qtguiapplication1.obj
c:\users\calvin\source\repos\qtguiapplication1\qtguiapplication1\x64\debug\main.obj
c:\users\calvin\source\repos\qtguiapplication1\qtguiapplication1\x64\debug\qtguiapplication1.obj
c:\users\calvin\source\repos\qtguiapplication1\qtguiapplication1\x64\debug\tire_code.obj
c:\users\calvin\source\repos\qtguiapplication1\qtguiapplication1\x64\debug\vc141.pdb
c:\users\calvin\source\repos\qtguiapplication1\qtguiapplication1\x64\debug\moc_qtguiapplication1.obj
c:\users\calvin\source\repos\qtguiapplication1\qtguiapplication1\x64\debug\gui.obj
c:\users\calvin\source\repos\qtguiapplication1\qtguiapplication1\x64\debug\qrc_gui.obj
c:\users\calvin\source\repos\qtguiapplication1\qtguiapplication1\x64\debug\moc_gui.obj
c:\users\calvin\source\repos\qtguiapplication1\qtguiapplication1\x64\debug\outputgui.obj
c:\users\calvin\source\repos\qtguiapplication1\qtguiapplication1\x64\debug\moc_outputgui.obj
c:\users\calvin\source\repos\qtguiapplication1\qtguiapplication1\x64\debug\shape_code.obj
c:\users\calvin\source\repos\qtguiapplication1\qtguiapplication1\x64\debug\moc_loadingbar.obj
c:\users\calvin\source\repos\qtguiapplication1\qtguiapplication1\x64\debug\loadingbar.obj
c:\users\calvin\source\repos\qtguiapplication1\qtguiapplication1\x64\debug\face_code.obj
c:\users\calvin\source\repos\qtguiapplication1\qtguiapplication1\x64\debug\color_code.obj
c:\users\calvin\source\repos\qtguiapplication1\x64\debug\qtguiapplication1.exe
c:\users\calvin\source\repos\qtguiapplication1\x64\debug\qtguiapplication1.ilk
c:\users\calvin\source\repos\qtguiapplication1\x64\debug\qtguiapplication1.pdb
c:\users\calvin\source\repos\qtguiapplication1\qtguiapplication1\generatedfiles\debug\moc_qtguiapplication1.cpp
c:\users\calvin\source\repos\qtguiapplication1\qtguiapplication1\generatedfiles\qrc_qtguiapplication1.cpp
c:\users\calvin\source\repos\qtguiapplication1\qtguiapplication1\generatedfiles\ui_qtguiapplication1.h
c:\users\calvin\source\repos\qtguiapplication1\qtguiapplication1\generatedfiles\debug\moc_gui.cpp
c:\users\calvin\source\repos\qtguiapplication1\qtguiapplication1\generatedfiles\qrc_gui.cpp
c:\users\calvin\source\repos\qtguiapplication1\qtguiapplication1\generatedfiles\ui_gui.h
c:\users\calvin\source\repos\qtguiapplication1\qtguiapplication1\generatedfiles\debug\moc_outputgui.cpp
c:\users\calvin\source\repos\qtguiapplication1\qtguiapplication1\generatedfiles\ui_outputgui.h
c:\users\calvin\source\repos\qtguiapplication1\qtguiapplication1\generatedfiles\debug\moc_loadingbar.cpp
c:\users\calvin\source\repos\qtguiapplication1\qtguiapplication1\generatedfiles\ui_loadingbar.h
c:\users\calvin\source\repos\qtguiapplication1\qtguiapplication1\generatedfiles\ui_guis.h
c:\users\calvin\source\repos\qtguiapplication1\qtguiapplication1\x64\debug\qtguiapp.b12702ad.tlog\cl.command.1.tlog
c:\users\calvin\source\repos\qtguiapplication1\qtguiapplication1\x64\debug\qtguiapp.b12702ad.tlog\cl.read.1.tlog
c:\users\calvin\source\repos\qtguiapplication1\qtguiapplication1\x64\debug\qtguiapp.b12702ad.tlog\cl.write.1.tlog
c:\users\calvin\source\repos\qtguiapplication1\qtguiapplication1\x64\debug\qtguiapp.b12702ad.tlog\link.command.1.tlog
c:\users\calvin\source\repos\qtguiapplication1\qtguiapplication1\x64\debug\qtguiapp.b12702ad.tlog\link.read.1.tlog
c:\users\calvin\source\repos\qtguiapplication1\qtguiapplication1\x64\debug\qtguiapp.b12702ad.tlog\link.write.1.tlog
c:\users\calvin\source\repos\qtguiapplication1\qtguiapplication1\x64\debug\qtguiapp.b12702ad.tlog\qtguiapplication1.write.1u.tlog
